[2023-12-30T11:48:45.857Z]: ddd
[2023-12-30T11:48:45.859Z]: [object Object]
[2023-12-30T11:48:45.859Z]: [object Object]
[2023-12-30T11:48:45.860Z]: nono
[2023-12-30T11:48:45.877Z]: ddd
[2023-12-30T11:48:45.877Z]: [object Object]
[2023-12-30T11:48:45.877Z]: [object Object]
[2023-12-30T11:48:45.878Z]: nono
[2023-12-30T11:49:55.401Z]: ddd
[2023-12-30T11:49:55.403Z]: [object Object]
[2023-12-30T11:49:55.403Z]: [object Object]
[2023-12-30T11:49:55.404Z]: nono
[2023-12-30T11:51:05.595Z]: ddd
[2023-12-30T11:51:05.596Z]: [object Object]
[2023-12-30T11:51:05.596Z]: [object Object]
[2023-12-30T11:51:05.596Z]: nono
[2023-12-30T12:29:41.999Z]: ddd
[2023-12-30T12:29:42.000Z]: {
  "cookie": {
    "originalMaxAge": null,
    "expires": null,
    "httpOnly": true,
    "path": "/"
  }
}
[2023-12-30T12:29:42.000Z]: [object Object]
[2023-12-30T12:29:42.000Z]: nono
[2023-12-30T14:26:42.510Z]: ddd
[2023-12-30T14:26:42.514Z]: {
  "cookie": {
    "originalMaxAge": null,
    "expires": null,
    "httpOnly": true,
    "path": "/"
  }
}
[2023-12-30T14:26:42.514Z]: [object Object]
[2023-12-30T14:26:42.514Z]: nono
[2023-12-30T14:29:51.943Z]: ddd
[2023-12-30T14:29:51.946Z]: {
  "cookie": {
    "originalMaxAge": null,
    "expires": null,
    "httpOnly": true,
    "path": "/"
  }
}
[2023-12-30T14:29:51.946Z]: [object Object]
[2023-12-30T14:29:51.946Z]: nono
[2023-12-30T14:30:20.320Z]: ddd
[2023-12-30T14:30:20.321Z]: {
  "cookie": {
    "originalMaxAge": null,
    "expires": null,
    "httpOnly": true,
    "path": "/"
  }
}
[2023-12-30T14:30:20.321Z]: [object Object]
[2023-12-30T14:30:20.321Z]: nono
[2023-12-30T14:32:57.820Z]: undefined
[2023-12-30T14:32:57.872Z]: ddd
[2023-12-30T14:32:57.873Z]: {
  "cookie": {
    "originalMaxAge": null,
    "expires": null,
    "httpOnly": true,
    "path": "/"
  }
}
[2023-12-30T14:32:57.874Z]: [object Object]
[2023-12-30T14:32:57.874Z]: nono
[2023-12-30T14:49:28.744Z]: undefined
[2023-12-30T14:49:28.819Z]: ddd
[2023-12-30T14:49:28.820Z]: {
  "cookie": {
    "originalMaxAge": null,
    "expires": null,
    "httpOnly": true,
    "path": "/"
  }
}
[2023-12-30T14:49:28.820Z]: [object Object]
[2023-12-30T14:49:28.820Z]: nono
