[2023-12-30T15:21:44.016Z]: undefined
[2023-12-30T15:21:44.060Z]: ddd
[2023-12-30T15:21:44.060Z]: {
  "cookie": {
    "originalMaxAge": null,
    "expires": null,
    "httpOnly": true,
    "path": "/"
  }
}
[2023-12-30T15:21:44.061Z]: [object Object]
[2023-12-30T15:21:44.061Z]: nono
[2023-12-30T16:42:55.611Z]: 로그인 실패
[2023-12-30T16:42:55.614Z]: undefined
[2023-12-30T16:42:55.711Z]: nono
[2023-12-30T16:44:48.032Z]: null
[2023-12-30T16:45:06.283Z]: 로그인 실패
[2023-12-30T16:45:06.284Z]: undefined
[2023-12-30T16:45:06.313Z]: nono
[2023-12-30T16:45:22.374Z]: 로그인 실패
[2023-12-30T16:45:22.375Z]: undefined
[2023-12-30T16:45:22.433Z]: nono
[2023-12-30T16:46:21.653Z]: 로그인 실패
[2023-12-30T16:46:21.656Z]: undefined
[2023-12-30T16:46:21.739Z]: nono
[2023-12-30T16:51:31.041Z]: 로그인 실패
[2023-12-30T16:51:31.043Z]: undefined
[2023-12-30T16:51:31.091Z]: nono
[2023-12-30T16:52:37.065Z]: 로그인 실패
[2023-12-30T16:52:37.068Z]: undefined
[2023-12-30T16:52:37.145Z]: nono
[2023-12-30T16:57:31.396Z]: Response status: 200, Headers: {"x-powered-by":"Express"}
[2023-12-30T16:57:31.397Z]: 로그인 실패
[2023-12-30T16:57:31.398Z]: undefined
[2023-12-30T16:57:31.442Z]: nono
[2023-12-30T17:00:50.916Z]: Response status: 200, Headers: {"x-powered-by":"Express"}
[2023-12-30T17:00:50.917Z]: 로그인 실패
[2023-12-30T17:00:50.919Z]: undefined
[2023-12-30T17:00:50.966Z]: nono
[2023-12-30T17:02:02.821Z]: result길이가 0입니다0
[2023-12-30T17:02:02.823Z]: Response status: 200, Headers: {"x-powered-by":"Express"}
[2023-12-30T17:02:02.823Z]: 로그인 실패
[2023-12-30T17:02:02.826Z]: undefined
[2023-12-30T17:02:02.892Z]: nono
[2023-12-30T17:04:18.227Z]: email : 
[2023-12-30T17:04:18.260Z]: result길이가 0입니다0
[2023-12-30T17:04:18.260Z]: Response status: 200, Headers: {"x-powered-by":"Express"}
[2023-12-30T17:04:18.261Z]: 로그인 실패
[2023-12-30T17:04:18.265Z]: undefined
[2023-12-30T17:04:18.318Z]: nono
[2023-12-30T18:08:49.046Z]: email : temp@temp.com
[2023-12-30T18:08:49.052Z]: email이 있습니다1
[2023-12-30T18:15:05.175Z]: email : temp@temp.com
[2023-12-30T18:15:05.190Z]: email이 있습니다1
[2023-12-30T18:15:05.247Z]: 로그인 성공
[2023-12-30T18:15:05.249Z]: [object Object]
[2023-12-30T18:15:05.292Z]: nono
[2023-12-30T18:18:49.386Z]: email : temp@temp.com
[2023-12-30T18:18:49.388Z]: email이 있습니다1
[2023-12-30T18:18:49.454Z]: 로그인 성공
[2023-12-30T18:18:49.455Z]: [object Object]
[2023-12-30T18:18:49.547Z]: nono
[2023-12-30T18:20:25.176Z]: email : temp@temp.com
[2023-12-30T18:20:25.177Z]: email이 있습니다1
[2023-12-30T18:20:25.249Z]: 로그인 성공
[2023-12-30T18:20:25.250Z]: [object Object]
[2023-12-30T18:20:25.323Z]: nono
[2023-12-30T18:21:39.842Z]: email : temp@temp.com
[2023-12-30T18:21:39.844Z]: email이 있습니다1
[2023-12-30T18:21:39.915Z]: 로그인 성공
[2023-12-30T18:21:39.916Z]: [object Object]
[2023-12-30T18:21:39.960Z]: nono
[2023-12-30T18:23:27.223Z]: email : temp@temp.com
[2023-12-30T18:23:27.226Z]: email이 있습니다1
[2023-12-30T18:23:27.298Z]: 로그인 성공
[2023-12-30T18:23:27.298Z]: [object Object]
[2023-12-30T18:23:27.346Z]: nono
[2023-12-30T18:23:45.398Z]: email : temp@temp.com
[2023-12-30T18:23:45.414Z]: email이 있습니다1
[2023-12-30T18:23:45.472Z]: 로그인 성공
[2023-12-30T18:23:45.472Z]: --------------------------------------
[2023-12-30T18:23:45.473Z]: {"cookie":{"originalMaxAge":null,"expires":null,"httpOnly":true,"path":"/"},"user":{"id":1,"email":"temp@temp.com"}}
[2023-12-30T18:23:45.473Z]: --------------------------------------
[2023-12-30T18:23:45.475Z]: [object Object]
[2023-12-30T18:23:45.548Z]: nono
[2023-12-30T18:26:15.851Z]: email : temp@temp.com
[2023-12-30T18:26:15.867Z]: email이 있습니다1
[2023-12-30T18:26:15.926Z]: 로그인 성공
[2023-12-30T18:26:15.927Z]: --------------------------------------
[2023-12-30T18:26:15.927Z]: {"cookie":{"originalMaxAge":null,"expires":null,"httpOnly":true,"path":"/"},"user":{"id":1,"email":"temp@temp.com"}}
[2023-12-30T18:26:15.927Z]: --------------------------------------
[2023-12-30T18:26:15.928Z]: [object Object]
[2023-12-30T18:26:16.018Z]: nono
[2023-12-30T18:26:16.019Z]: {"cookie":{"originalMaxAge":null,"expires":null,"httpOnly":true,"path":"/"}}
[2023-12-30T18:33:26.685Z]: email : temp@temp.com
[2023-12-30T18:33:26.697Z]: email이 있습니다1
[2023-12-30T18:33:26.754Z]: 로그인 성공
[2023-12-30T18:33:26.754Z]: --------------------------------------
[2023-12-30T18:33:26.754Z]: {"cookie":{"originalMaxAge":86400000,"expires":"2023-12-31T18:33:26.685Z","secure":false,"httpOnly":true,"path":"/"},"user":{"id":1,"email":"temp@temp.com"}}
[2023-12-30T18:33:26.754Z]: --------------------------------------
[2023-12-30T18:33:26.756Z]: [object Object]
[2023-12-30T18:33:26.803Z]: nono
[2023-12-30T18:33:26.803Z]: {"cookie":{"originalMaxAge":86400000,"expires":"2023-12-31T18:33:26.802Z","secure":false,"httpOnly":true,"path":"/"}}
[2023-12-30T18:37:57.269Z]: email : temp@temp.com
[2023-12-30T18:37:57.285Z]: email이 있습니다1
[2023-12-30T18:37:57.343Z]: 로그인 성공
[2023-12-30T18:37:57.343Z]: --------------------------------------
[2023-12-30T18:37:57.344Z]: {"cookie":{"originalMaxAge":86400000,"expires":"2023-12-31T18:37:57.268Z","secure":false,"httpOnly":true,"path":"/"},"user":{"id":1,"email":"temp@temp.com"}}
[2023-12-30T18:37:57.344Z]: --------------------------------------
[2023-12-30T18:37:57.346Z]: [object Object]
[2023-12-30T18:44:27.412Z]: email : temp@temp.com
[2023-12-30T18:44:27.428Z]: email이 있습니다1
[2023-12-30T18:44:27.488Z]: 로그인 성공
[2023-12-30T18:44:27.489Z]: --------------------------------------
[2023-12-30T18:44:27.489Z]: {"cookie":{"originalMaxAge":86400000,"expires":"2023-12-31T18:44:27.411Z","secure":false,"httpOnly":true,"path":"/"},"user":{"id":1,"email":"temp@temp.com"}}
[2023-12-30T18:44:27.489Z]: --------------------------------------
[2023-12-30T18:44:27.490Z]: [object Object]
[2023-12-30T18:54:15.787Z]: email : temp@temp.com
[2023-12-30T18:54:15.801Z]: email이 있습니다1
[2023-12-30T18:54:15.858Z]: 로그인 성공
[2023-12-30T18:54:15.858Z]: --------------------------------------
[2023-12-30T18:54:15.859Z]: {"cookie":{"originalMaxAge":86400000,"expires":"2023-12-31T18:54:15.786Z","secure":false,"httpOnly":true,"path":"/"},"user":{"id":1,"email":"temp@temp.com"}}
[2023-12-30T18:54:15.859Z]: --------------------------------------
[2023-12-30T18:54:15.861Z]: [object Object]
[2023-12-30T18:54:59.639Z]: email : temp@temp.com
[2023-12-30T18:54:59.650Z]: email이 있습니다1
[2023-12-30T18:54:59.714Z]: 로그인 성공
[2023-12-30T18:54:59.714Z]: --------------------------------------
[2023-12-30T18:54:59.714Z]: {"cookie":{"originalMaxAge":86400000,"expires":"2023-12-31T18:54:59.639Z","secure":false,"httpOnly":true,"path":"/"},"user":{"id":1,"email":"temp@temp.com"}}
[2023-12-30T18:54:59.715Z]: --------------------------------------
[2023-12-30T18:54:59.717Z]: [object Object]
[2023-12-30T18:54:59.794Z]: nono
[2023-12-30T18:54:59.795Z]: {"cookie":{"originalMaxAge":86400000,"expires":"2023-12-31T18:54:59.794Z","secure":false,"httpOnly":true,"path":"/"}}
[2023-12-30T18:57:15.954Z]: email : temp@temp.com
[2023-12-30T18:57:15.967Z]: email이 있습니다1
[2023-12-30T18:57:16.025Z]: 로그인 성공
[2023-12-30T18:57:16.025Z]: --------------------------------------
[2023-12-30T18:57:16.025Z]: {"cookie":{"originalMaxAge":86400000,"expires":"2023-12-31T18:57:15.953Z","secure":false,"httpOnly":true,"path":"/"},"user":{"id":1,"email":"temp@temp.com"}}
[2023-12-30T18:57:16.025Z]: "AW6QvXfO_C9G9MUjFkWsK_riez0ooNDk"
[2023-12-30T18:57:16.025Z]: --------------------------------------
[2023-12-30T18:57:16.027Z]: [object Object]
[2023-12-30T18:57:16.076Z]: nono
[2023-12-30T18:57:16.076Z]: {"cookie":{"originalMaxAge":86400000,"expires":"2023-12-31T18:57:16.076Z","secure":false,"httpOnly":true,"path":"/"}}
[2023-12-30T18:57:16.076Z]: "GZjZkXA6IabLmtU8kbrDXzIeGTVNgeU7"
[2023-12-30T20:09:53.237Z]: email : temp@temp.com
[2023-12-30T20:09:53.239Z]: email이 있습니다1
[2023-12-30T20:09:53.305Z]: 로그인 성공
[2023-12-30T20:09:53.305Z]: --------------------------------------
[2023-12-30T20:09:53.306Z]: {"cookie":{"originalMaxAge":86400000,"expires":"2023-12-31T20:09:53.237Z","secure":false,"httpOnly":true,"path":"/"},"user":{"id":1,"email":"temp@temp.com"}}
[2023-12-30T20:09:53.306Z]: "Sf5Sq-bXoriypuZ5_fnjTlmtdpcTlLWe"
[2023-12-30T20:09:53.306Z]: --------------------------------------
[2023-12-30T20:09:53.306Z]: [object Object]
[2023-12-30T20:09:53.396Z]: nono
[2023-12-30T20:09:53.397Z]: {"cookie":{"originalMaxAge":86400000,"expires":"2023-12-31T20:09:53.396Z","secure":false,"httpOnly":true,"path":"/"}}
[2023-12-30T20:09:53.397Z]: "BZ4fni2QQkooemcBFqJmMW03EJJUlMqD"
[2023-12-31T03:58:32.401Z]: email : temp@temp.com
[2023-12-31T03:58:32.433Z]: email이 있습니다1
[2023-12-31T03:58:32.490Z]: 로그인 성공
[2023-12-31T03:58:32.490Z]: --------------------------------------
[2023-12-31T03:58:32.491Z]: {"cookie":{"originalMaxAge":86400000,"expires":"2024-01-01T03:58:32.401Z","secure":false,"httpOnly":true,"path":"/"},"user":{"id":1,"email":"temp@temp.com"}}
[2023-12-31T03:58:32.491Z]: "eyJxKTDVEFDKDXSqxmz75VF7yFdiWZeo"
[2023-12-31T03:58:32.491Z]: --------------------------------------
[2023-12-31T03:58:32.493Z]: [object Object]
[2023-12-31T03:58:32.493Z]: 세션이 저장되었습니다. eyJxKTDVEFDKDXSqxmz75VF7yFdiWZeo
[2023-12-31T03:58:32.538Z]: nono
[2023-12-31T03:58:32.538Z]: {"cookie":{"originalMaxAge":86400000,"expires":"2024-01-01T03:58:32.538Z","secure":false,"httpOnly":true,"path":"/"}}
[2023-12-31T03:58:32.538Z]: "9K_xhN-j9zfn1_VgS1L-xVmH5wj-jNpz"
[2023-12-31T04:06:43.776Z]: email : temp@temp.com
[2023-12-31T04:06:43.779Z]: email이 있습니다1
[2023-12-31T04:06:43.846Z]: 로그인 성공
[2023-12-31T04:06:43.847Z]: --------------------------------------
[2023-12-31T04:06:43.847Z]: {"cookie":{"originalMaxAge":86400000,"expires":"2024-01-01T04:06:43.776Z","secure":false,"httpOnly":true,"path":"/"},"user":{"id":1,"email":"temp@temp.com"}}
[2023-12-31T04:06:43.847Z]: "U0IK_NJpILeeq2IhJotnXhRcrLKj6mls"
[2023-12-31T04:06:43.847Z]: --------------------------------------
[2023-12-31T04:06:43.848Z]: [object Object]
[2023-12-31T04:06:43.848Z]: 세션이 저장되었습니다. U0IK_NJpILeeq2IhJotnXhRcrLKj6mls
[2023-12-31T04:06:43.890Z]: okay
[2023-12-31T04:10:43.914Z]: email : temp@temp.com
[2023-12-31T04:10:43.928Z]: email이 있습니다1
[2023-12-31T04:10:43.986Z]: 로그인 성공
[2023-12-31T04:10:43.987Z]: --------------------------------------
[2023-12-31T04:10:43.987Z]: {"cookie":{"originalMaxAge":86400000,"expires":"2024-01-01T04:10:43.914Z","secure":false,"httpOnly":true,"path":"/"},"user":{"id":1,"email":"temp@temp.com"}}
[2023-12-31T04:10:43.987Z]: "nxyVKvpeWr--vJg4mZoR1zPP7lI5l0ub"
[2023-12-31T04:10:43.987Z]: --------------------------------------
[2023-12-31T04:10:43.989Z]: [object Object]
[2023-12-31T04:10:43.989Z]: 세션이 저장되었습니다. nxyVKvpeWr--vJg4mZoR1zPP7lI5l0ub
[2023-12-31T04:10:44.079Z]: okay
[2023-12-31T04:10:44.079Z]: {"id":1,"email":"temp@temp.com"}
[2023-12-31T04:10:44.079Z]: nxyVKvpeWr--vJg4mZoR1zPP7lI5l0ub
