[2024-01-01T23:25:45.801Z]: email : temp@temp.com
[2024-01-01T23:25:45.830Z]: email이 있습니다1
[2024-01-01T23:25:45.889Z]: 로그인 성공
[2024-01-01T23:25:45.889Z]: --------------------------------------
[2024-01-01T23:25:45.890Z]: {"cookie":{"originalMaxAge":86400000,"expires":"2024-01-02T23:25:45.801Z","secure":false,"httpOnly":true,"path":"/"},"user":{"id":1,"email":"temp@temp.com"}}
[2024-01-01T23:25:45.890Z]: "FNSGsLO0gOTUbVVnk_LrhXiLKvwSiWD_"
[2024-01-01T23:25:45.890Z]: --------------------------------------
[2024-01-01T23:25:45.892Z]: [object Object]
[2024-01-01T23:25:45.892Z]: 세션이 저장되었습니다. FNSGsLO0gOTUbVVnk_LrhXiLKvwSiWD_
[2024-01-01T23:25:45.934Z]: okay
[2024-01-01T23:25:45.935Z]: {"id":1,"email":"temp@temp.com"}
[2024-01-01T23:25:45.935Z]: FNSGsLO0gOTUbVVnk_LrhXiLKvwSiWD_
[2024-01-01T23:30:46.690Z]: email : temp@temp.com
[2024-01-01T23:30:46.696Z]: email이 있습니다1
[2024-01-01T23:30:46.771Z]: 로그인 성공
[2024-01-01T23:30:46.771Z]: --------------------------------------
[2024-01-01T23:30:46.771Z]: {"cookie":{"originalMaxAge":86400000,"expires":"2024-01-02T23:30:46.690Z","secure":false,"httpOnly":true,"path":"/"},"user":{"id":1,"email":"temp@temp.com"}}
[2024-01-01T23:30:46.771Z]: "NKsihlQy_6F6rtcMjb7KyOEtjg-UqfMX"
[2024-01-01T23:30:46.771Z]: --------------------------------------
[2024-01-01T23:30:46.772Z]: [object Object]
[2024-01-01T23:30:46.772Z]: 세션이 저장되었습니다. NKsihlQy_6F6rtcMjb7KyOEtjg-UqfMX
[2024-01-01T23:30:46.828Z]: okay
[2024-01-01T23:30:46.828Z]: {"id":1,"email":"temp@temp.com"}
[2024-01-01T23:30:46.829Z]: NKsihlQy_6F6rtcMjb7KyOEtjg-UqfMX
[2024-01-02T00:07:21.276Z]: email : temp@temp.com
[2024-01-02T00:07:21.278Z]: email이 있습니다1
[2024-01-02T00:07:21.353Z]: 로그인 성공
[2024-01-02T00:07:21.353Z]: --------------------------------------
[2024-01-02T00:07:21.354Z]: {"cookie":{"originalMaxAge":86400000,"expires":"2024-01-03T00:07:21.276Z","secure":false,"httpOnly":true,"path":"/"},"user":{"id":1,"email":"temp@temp.com"}}
[2024-01-02T00:07:21.354Z]: "b7MIdwbznarbYb-Zd-XZdDFiia3U5qJ5"
[2024-01-02T00:07:21.354Z]: --------------------------------------
[2024-01-02T00:07:21.354Z]: [object Object]
[2024-01-02T00:07:21.354Z]: 세션이 저장되었습니다. b7MIdwbznarbYb-Zd-XZdDFiia3U5qJ5
[2024-01-02T00:07:21.397Z]: okay
[2024-01-02T00:07:21.397Z]: {"id":1,"email":"temp@temp.com"}
[2024-01-02T00:07:21.397Z]: b7MIdwbznarbYb-Zd-XZdDFiia3U5qJ5
[2024-01-02T00:10:38.504Z]: okay
[2024-01-02T00:10:38.504Z]: {"id":1,"email":"temp@temp.com"}
[2024-01-02T00:10:38.505Z]: b7MIdwbznarbYb-Zd-XZdDFiia3U5qJ5
[2024-01-02T00:11:06.573Z]: email : temp@temp.com
[2024-01-02T00:11:06.574Z]: email이 있습니다1
[2024-01-02T00:11:06.649Z]: 로그인 성공
[2024-01-02T00:11:06.650Z]: --------------------------------------
[2024-01-02T00:11:06.650Z]: {"cookie":{"originalMaxAge":86400000,"expires":"2024-01-03T00:11:06.573Z","secure":false,"httpOnly":true,"path":"/"},"user":{"id":1,"email":"temp@temp.com"}}
[2024-01-02T00:11:06.650Z]: "Ert_z7X7-ujvkk63y4fldhszAG4bj0lC"
[2024-01-02T00:11:06.650Z]: --------------------------------------
[2024-01-02T00:11:06.651Z]: [object Object]
[2024-01-02T00:11:06.651Z]: 세션이 저장되었습니다. Ert_z7X7-ujvkk63y4fldhszAG4bj0lC
[2024-01-02T00:11:06.691Z]: okay
[2024-01-02T00:11:06.691Z]: {"id":1,"email":"temp@temp.com"}
[2024-01-02T00:11:06.691Z]: Ert_z7X7-ujvkk63y4fldhszAG4bj0lC
[2024-01-02T00:11:41.666Z]: email : temp@temp.com
[2024-01-02T00:11:41.668Z]: email이 있습니다1
[2024-01-02T00:11:41.737Z]: 로그인 성공
[2024-01-02T00:11:41.738Z]: --------------------------------------
[2024-01-02T00:11:41.738Z]: {"cookie":{"originalMaxAge":86400000,"expires":"2024-01-03T00:11:41.666Z","secure":false,"httpOnly":true,"path":"/"},"user":{"id":1,"email":"temp@temp.com"}}
[2024-01-02T00:11:41.738Z]: "a6HJm6c_l8KKmourBhaYXScqCV0QRBKz"
[2024-01-02T00:11:41.738Z]: --------------------------------------
[2024-01-02T00:11:41.738Z]: [object Object]
[2024-01-02T00:11:41.739Z]: 세션이 저장되었습니다. a6HJm6c_l8KKmourBhaYXScqCV0QRBKz
[2024-01-02T00:12:34.029Z]: email : temp@temp.com
[2024-01-02T00:12:34.033Z]: email이 있습니다1
[2024-01-02T00:12:34.112Z]: 로그인 성공
[2024-01-02T00:12:34.113Z]: --------------------------------------
[2024-01-02T00:12:34.113Z]: {"cookie":{"originalMaxAge":86400000,"expires":"2024-01-03T00:12:34.029Z","secure":false,"httpOnly":true,"path":"/"},"user":{"id":1,"email":"temp@temp.com"}}
[2024-01-02T00:12:34.113Z]: "rpxHyG_iVNUcFUF_7rYbDwNUFucy8shv"
[2024-01-02T00:12:34.113Z]: --------------------------------------
[2024-01-02T00:12:34.114Z]: [object Object]
[2024-01-02T00:12:34.114Z]: 세션이 저장되었습니다. rpxHyG_iVNUcFUF_7rYbDwNUFucy8shv
[2024-01-02T00:13:49.685Z]: email : temp@temp.com
[2024-01-02T00:13:49.711Z]: email이 있습니다1
[2024-01-02T00:13:49.769Z]: 로그인 성공
[2024-01-02T00:13:49.769Z]: --------------------------------------
[2024-01-02T00:13:49.770Z]: {"cookie":{"originalMaxAge":86400000,"expires":"2024-01-03T00:13:49.685Z","secure":false,"httpOnly":true,"path":"/"},"user":{"id":1,"email":"temp@temp.com"}}
[2024-01-02T00:13:49.770Z]: "Evd9tITrx2zrQcYBeefl0M-t9jzSWNjM"
[2024-01-02T00:13:49.770Z]: --------------------------------------
[2024-01-02T00:13:49.772Z]: [object Object]
[2024-01-02T00:13:49.773Z]: 세션이 저장되었습니다. Evd9tITrx2zrQcYBeefl0M-t9jzSWNjM
[2024-01-02T00:13:49.816Z]: okay
[2024-01-02T00:13:49.816Z]: {"id":1,"email":"temp@temp.com"}
[2024-01-02T00:13:49.816Z]: Evd9tITrx2zrQcYBeefl0M-t9jzSWNjM
[2024-01-02T00:29:28.762Z]: okay
[2024-01-02T00:29:28.762Z]: {"id":1,"email":"temp@temp.com"}
[2024-01-02T00:29:28.762Z]: Evd9tITrx2zrQcYBeefl0M-t9jzSWNjM
[2024-01-02T00:29:41.985Z]: email : temp@temp.com
[2024-01-02T00:29:41.988Z]: email이 있습니다1
[2024-01-02T00:29:42.059Z]: 로그인 성공
[2024-01-02T00:29:42.059Z]: --------------------------------------
[2024-01-02T00:29:42.060Z]: {"cookie":{"originalMaxAge":86400000,"expires":"2024-01-03T00:29:41.985Z","secure":false,"httpOnly":true,"path":"/"},"user":{"id":1,"email":"temp@temp.com"}}
[2024-01-02T00:29:42.060Z]: "XOosi6XmoriPwZSUGAu_eoyre09WhrdG"
[2024-01-02T00:29:42.060Z]: --------------------------------------
[2024-01-02T00:29:42.060Z]: [object Object]
[2024-01-02T00:29:42.060Z]: 세션이 저장되었습니다. XOosi6XmoriPwZSUGAu_eoyre09WhrdG
[2024-01-02T00:29:42.104Z]: okay
[2024-01-02T00:29:42.104Z]: {"id":1,"email":"temp@temp.com"}
[2024-01-02T00:29:42.104Z]: XOosi6XmoriPwZSUGAu_eoyre09WhrdG
[2024-01-02T13:43:38.761Z]: email : temp@temp.com
[2024-01-02T13:43:38.784Z]: email이 있습니다1
[2024-01-02T13:43:38.842Z]: 로그인 성공
[2024-01-02T13:43:38.843Z]: --------------------------------------
[2024-01-02T13:43:38.843Z]: {"cookie":{"originalMaxAge":86400000,"expires":"2024-01-03T13:43:38.760Z","secure":false,"httpOnly":true,"path":"/"},"user":{"id":1,"email":"temp@temp.com"}}
[2024-01-02T13:43:38.843Z]: "0d6pDZC-wQnB95lEHlWBusnE2MaPRf2q"
[2024-01-02T13:43:38.843Z]: --------------------------------------
[2024-01-02T13:43:38.845Z]: [object Object]
[2024-01-02T13:43:38.845Z]: 세션이 저장되었습니다. 0d6pDZC-wQnB95lEHlWBusnE2MaPRf2q
[2024-01-02T13:43:38.951Z]: okay
[2024-01-02T13:43:38.952Z]: {"id":1,"email":"temp@temp.com"}
[2024-01-02T13:43:38.952Z]: 0d6pDZC-wQnB95lEHlWBusnE2MaPRf2q
