[2024-01-02T19:53:18.534Z]: email : temp@temp.com
[2024-01-02T19:53:18.540Z]: email이 있습니다1
[2024-01-02T19:53:18.609Z]: 로그인 성공
[2024-01-02T19:53:18.609Z]: --------------------------------------
[2024-01-02T19:53:18.609Z]: {"cookie":{"originalMaxAge":86400000,"expires":"2024-01-03T19:53:18.532Z","secure":false,"httpOnly":true,"path":"/"},"user":{"id":1,"email":"temp@temp.com"}}
[2024-01-02T19:53:18.609Z]: "Uz3S_CdhiDv6N3lr49w9kYgr93P_bnbf"
[2024-01-02T19:53:18.610Z]: --------------------------------------
[2024-01-02T19:53:18.611Z]: [object Object]
[2024-01-02T19:53:18.611Z]: 세션이 저장되었습니다. Uz3S_CdhiDv6N3lr49w9kYgr93P_bnbf
[2024-01-02T19:53:18.660Z]: okay
[2024-01-02T19:53:18.660Z]: {"id":1,"email":"temp@temp.com"}
[2024-01-02T19:53:18.660Z]: Uz3S_CdhiDv6N3lr49w9kYgr93P_bnbf
[2024-01-02T21:24:30.666Z]: email : temp@temp.com
[2024-01-02T21:24:30.670Z]: email이 있습니다1
[2024-01-02T21:24:30.754Z]: 로그인 성공
[2024-01-02T21:24:30.755Z]: --------------------------------------
[2024-01-02T21:24:30.755Z]: {"cookie":{"originalMaxAge":86400000,"expires":"2024-01-03T21:24:30.666Z","secure":false,"httpOnly":true,"path":"/"},"user":{"id":1,"email":"temp@temp.com"}}
[2024-01-02T21:24:30.755Z]: "Wqn4J87vJYu9izVrMoOMIorzCbe_objP"
[2024-01-02T21:24:30.755Z]: --------------------------------------
[2024-01-02T21:24:30.756Z]: [object Object]
[2024-01-02T21:24:30.756Z]: 세션이 저장되었습니다. Wqn4J87vJYu9izVrMoOMIorzCbe_objP
[2024-01-02T21:24:30.804Z]: okay
[2024-01-02T21:24:30.804Z]: {"id":1,"email":"temp@temp.com"}
[2024-01-02T21:24:30.804Z]: Wqn4J87vJYu9izVrMoOMIorzCbe_objP
[2024-01-03T01:54:16.003Z]: email : temp@temp.com
[2024-01-03T01:54:16.006Z]: email이 있습니다1
[2024-01-03T01:54:16.074Z]: 로그인 성공
[2024-01-03T01:54:16.075Z]: --------------------------------------
[2024-01-03T01:54:16.075Z]: {"cookie":{"originalMaxAge":86400000,"expires":"2024-01-04T01:54:16.003Z","secure":false,"httpOnly":true,"path":"/"},"user":{"id":1,"email":"temp@temp.com"}}
[2024-01-03T01:54:16.075Z]: "e8Q3hs2a8WFCDGG-GO3TYkT-S0EPtArO"
[2024-01-03T01:54:16.075Z]: --------------------------------------
[2024-01-03T01:54:16.076Z]: [object Object]
[2024-01-03T01:54:16.076Z]: 세션이 저장되었습니다. e8Q3hs2a8WFCDGG-GO3TYkT-S0EPtArO
[2024-01-03T01:54:16.119Z]: okay
[2024-01-03T01:54:16.120Z]: {"id":1,"email":"temp@temp.com"}
[2024-01-03T01:54:16.120Z]: e8Q3hs2a8WFCDGG-GO3TYkT-S0EPtArO
[2024-01-03T01:54:31.346Z]: email : temp@temp.com
[2024-01-03T01:54:31.348Z]: email이 있습니다1
[2024-01-03T01:54:31.415Z]: 로그인 성공
[2024-01-03T01:54:31.415Z]: --------------------------------------
[2024-01-03T01:54:31.415Z]: {"cookie":{"originalMaxAge":86400000,"expires":"2024-01-04T01:54:31.346Z","secure":false,"httpOnly":true,"path":"/"},"user":{"id":1,"email":"temp@temp.com"}}
[2024-01-03T01:54:31.415Z]: "Pw8Eeb0AeAmhvPtINzI1-c5yE4zzduN0"
[2024-01-03T01:54:31.415Z]: --------------------------------------
[2024-01-03T01:54:31.416Z]: [object Object]
[2024-01-03T01:54:31.416Z]: 세션이 저장되었습니다. Pw8Eeb0AeAmhvPtINzI1-c5yE4zzduN0
[2024-01-03T01:54:31.496Z]: okay
[2024-01-03T01:54:31.496Z]: {"id":1,"email":"temp@temp.com"}
[2024-01-03T01:54:31.496Z]: Pw8Eeb0AeAmhvPtINzI1-c5yE4zzduN0
[2024-01-03T02:19:20.872Z]: email : temp@temp.com
[2024-01-03T02:19:20.876Z]: email이 있습니다1
[2024-01-03T02:19:20.948Z]: 로그인 성공
[2024-01-03T02:19:20.948Z]: --------------------------------------
[2024-01-03T02:19:20.949Z]: {"cookie":{"originalMaxAge":86400000,"expires":"2024-01-04T02:19:20.872Z","secure":false,"httpOnly":true,"path":"/"},"user":{"id":1,"email":"temp@temp.com"}}
[2024-01-03T02:19:20.949Z]: "yfCyJBMqk-5xicU0llq1_uEdkT-bR1uG"
[2024-01-03T02:19:20.949Z]: --------------------------------------
[2024-01-03T02:19:20.949Z]: [object Object]
[2024-01-03T02:19:20.949Z]: 세션이 저장되었습니다. yfCyJBMqk-5xicU0llq1_uEdkT-bR1uG
[2024-01-03T02:19:20.992Z]: okay
[2024-01-03T02:19:20.993Z]: {"id":1,"email":"temp@temp.com"}
[2024-01-03T02:19:20.993Z]: yfCyJBMqk-5xicU0llq1_uEdkT-bR1uG
[2024-01-03T02:45:23.814Z]: email : temp@temp.com
[2024-01-03T02:45:23.827Z]: email이 있습니다1
[2024-01-03T02:45:23.895Z]: 로그인 성공
[2024-01-03T02:45:23.895Z]: --------------------------------------
[2024-01-03T02:45:23.895Z]: {"cookie":{"originalMaxAge":86400000,"expires":"2024-01-04T02:45:23.813Z","secure":false,"httpOnly":true,"path":"/"},"user":{"id":1,"email":"temp@temp.com"}}
[2024-01-03T02:45:23.895Z]: "5mGGmOG3302AIoZYV89gCF0kTyImYp7y"
[2024-01-03T02:45:23.895Z]: --------------------------------------
[2024-01-03T02:45:23.896Z]: [object Object]
[2024-01-03T02:45:23.896Z]: 세션이 저장되었습니다. 5mGGmOG3302AIoZYV89gCF0kTyImYp7y
[2024-01-03T02:45:23.939Z]: okay
[2024-01-03T02:45:23.939Z]: {"id":1,"email":"temp@temp.com"}
[2024-01-03T02:45:23.939Z]: 5mGGmOG3302AIoZYV89gCF0kTyImYp7y
