[2024-01-04T16:48:17.034Z]: email : temp@temp.com
[2024-01-04T16:48:17.070Z]: email이 있습니다1
[2024-01-04T16:48:36.162Z]: email : temp@temp.com
[2024-01-04T16:48:36.183Z]: email이 있습니다1
[2024-01-04T16:48:36.243Z]: 로그인 성공
[2024-01-04T16:48:36.243Z]: --------------------------------------
[2024-01-04T16:48:36.243Z]: {"cookie":{"originalMaxAge":86400000,"expires":"2024-01-05T16:48:36.161Z","secure":false,"httpOnly":true,"path":"/"},"user":{"id":1,"email":"temp@temp.com"}}
[2024-01-04T16:48:36.243Z]: "7FIfNiVucZVa7S5pow_vdltmh76OtREb"
[2024-01-04T16:48:36.243Z]: --------------------------------------
[2024-01-04T16:48:36.245Z]: [object Object]
[2024-01-04T16:48:36.302Z]: nono
[2024-01-04T16:48:36.302Z]: {"cookie":{"originalMaxAge":86400000,"expires":"2024-01-05T16:48:36.302Z","secure":false,"httpOnly":true,"path":"/"}}
[2024-01-04T16:48:36.302Z]: "1ehcoR-7Ql1wd8FLJMc-yMp9GQRSlAOX"
[2024-01-04T16:54:46.420Z]: email : temp@temp.com
[2024-01-04T16:54:46.423Z]: email이 있습니다1
[2024-01-04T16:54:46.501Z]: 로그인 성공
[2024-01-04T16:54:46.501Z]: --------------------------------------
[2024-01-04T16:54:46.501Z]: {"cookie":{"originalMaxAge":86400000,"expires":"2024-01-05T16:54:46.419Z","secure":false,"httpOnly":true,"path":"/"},"user":{"id":1,"email":"temp@temp.com"}}
[2024-01-04T16:54:46.501Z]: "9t12FnLkNxIF7I_CKis7e9SNxDLzYc0L"
[2024-01-04T16:54:46.501Z]: --------------------------------------
[2024-01-04T16:54:46.502Z]: [object Object]
[2024-01-04T17:01:59.315Z]: email : temp@temp.com
[2024-01-04T17:01:59.334Z]: email이 있습니다1
[2024-01-04T17:01:59.404Z]: 로그인 성공
[2024-01-04T17:01:59.405Z]: --------------------------------------
[2024-01-04T17:01:59.405Z]: {"cookie":{"originalMaxAge":86400000,"expires":"2024-01-05T17:01:59.314Z","secure":false,"httpOnly":true,"path":"/"},"user":{"id":1,"email":"temp@temp.com"}}
[2024-01-04T17:01:59.405Z]: "6FkqF8zM3pGYGcbdp1IgIYCeQ63z_7zW"
[2024-01-04T17:01:59.405Z]: --------------------------------------
[2024-01-04T17:01:59.405Z]: [object Object]
[2024-01-04T17:21:08.068Z]: email : temp@temp.com
[2024-01-04T17:21:08.070Z]: email이 있습니다1
[2024-01-04T17:21:08.139Z]: 로그인 성공
[2024-01-04T17:21:08.139Z]: --------------------------------------
[2024-01-04T17:21:08.139Z]: {"cookie":{"originalMaxAge":86400000,"expires":"2024-01-05T17:21:08.068Z","secure":false,"httpOnly":true,"path":"/"},"user":{"id":1,"email":"temp@temp.com"}}
[2024-01-04T17:21:08.139Z]: "Q1M3spmMuDubt7JvVSJ_Ol8qxStXYjd6"
[2024-01-04T17:21:08.139Z]: --------------------------------------
[2024-01-04T17:21:08.140Z]: [object Object]
[2024-01-04T17:21:08.237Z]: nono
[2024-01-04T17:21:08.237Z]: {"cookie":{"originalMaxAge":86400000,"expires":"2024-01-05T17:21:08.236Z","secure":false,"httpOnly":true,"path":"/"}}
[2024-01-04T17:21:08.237Z]: "jwbxQI4vIXS2zmkOfBwmLYE5nk2djMvv"
[2024-01-04T17:22:46.466Z]: email : temp@temp.com
[2024-01-04T17:22:46.471Z]: email이 있습니다1
[2024-01-04T17:22:46.550Z]: 로그인 성공
[2024-01-04T17:22:46.550Z]: --------------------------------------
[2024-01-04T17:22:46.551Z]: {"cookie":{"originalMaxAge":86400000,"expires":"2024-01-05T17:22:46.466Z","secure":false,"httpOnly":true,"path":"/"},"user":{"id":1,"email":"temp@temp.com"}}
[2024-01-04T17:22:46.551Z]: "meyfrb5LcnqGGNTuEH9pR8jeqjvRC58U"
[2024-01-04T17:22:46.551Z]: --------------------------------------
[2024-01-04T17:22:46.551Z]: [object Object]
[2024-01-04T17:22:46.633Z]: nono
[2024-01-04T17:22:46.633Z]: {"cookie":{"originalMaxAge":86400000,"expires":"2024-01-05T17:22:46.633Z","secure":false,"httpOnly":true,"path":"/"}}
[2024-01-04T17:22:46.633Z]: "dKkvXr3qo_7MANumEOjuwsqr90n5j4e6"
[2024-01-04T17:23:36.030Z]: email : temp@temp.com
[2024-01-04T17:23:36.048Z]: email이 있습니다1
[2024-01-04T17:23:36.108Z]: 로그인 성공
[2024-01-04T17:23:36.108Z]: --------------------------------------
[2024-01-04T17:23:36.108Z]: {"cookie":{"originalMaxAge":86400000,"expires":"2024-01-05T17:23:36.029Z","secure":false,"httpOnly":true,"path":"/"},"user":{"id":1,"email":"temp@temp.com"}}
[2024-01-04T17:23:36.108Z]: "eiPHUJdUaBBkVREb99-AJBmEG45Wgpv_"
[2024-01-04T17:23:36.108Z]: --------------------------------------
[2024-01-04T17:23:36.110Z]: [object Object]
[2024-01-04T17:23:36.186Z]: 토큰검증 실패
[2024-01-04T17:25:55.407Z]: email : temp@temp.com
[2024-01-04T17:25:55.420Z]: email이 있습니다1
[2024-01-04T17:25:55.480Z]: 로그인 성공
[2024-01-04T17:25:55.480Z]: --------------------------------------
[2024-01-04T17:25:55.480Z]: {"cookie":{"originalMaxAge":86400000,"expires":"2024-01-05T17:25:55.407Z","secure":false,"httpOnly":true,"path":"/"},"user":{"id":1,"email":"temp@temp.com"}}
[2024-01-04T17:25:55.480Z]: "ZeGdSY0jf7pJE7dEC8JmKaTMiLcx96Hr"
[2024-01-04T17:25:55.480Z]: --------------------------------------
[2024-01-04T17:25:55.482Z]: [object Object]
[2024-01-04T17:25:55.570Z]: 토큰----------
[2024-01-04T17:25:55.571Z]: eyJhbGciOiJIUzI1NiIsInR5cCI6IkpXVCJ9.eyJ1c2VySWQiOjEsImVtYWlsIjoidGVtcEB0ZW1wLmNvbSIsImlhdCI6MTcwNDM4OTE1NSwiZXhwIjoxNzA0NDc1NTU1fQ.DiRI1hqmaEW_v1TujsIeavzwAjFifJNAPTyGBLdp88I
[2024-01-04T17:25:55.571Z]: 토큰----------
[2024-01-04T17:25:55.572Z]: 토큰검증 실패
[2024-01-04T17:28:53.121Z]: email : temp@temp.com
[2024-01-04T17:28:53.140Z]: email이 있습니다1
[2024-01-04T17:28:53.200Z]: 로그인 성공
[2024-01-04T17:28:53.200Z]: --------------------------------------
[2024-01-04T17:28:53.200Z]: {"cookie":{"originalMaxAge":86400000,"expires":"2024-01-05T17:28:53.120Z","secure":false,"httpOnly":true,"path":"/"},"user":{"id":1,"email":"temp@temp.com"}}
[2024-01-04T17:28:53.200Z]: "6dJ8GgtO-Eg9zl1yko0qEIqtLTlRXc73"
[2024-01-04T17:28:53.200Z]: --------------------------------------
[2024-01-04T17:28:53.202Z]: [object Object]
[2024-01-04T17:28:53.307Z]: 토큰----------
[2024-01-04T17:28:53.307Z]: eyJhbGciOiJIUzI1NiIsInR5cCI6IkpXVCJ9.eyJ1c2VySWQiOjEsImVtYWlsIjoidGVtcEB0ZW1wLmNvbSIsImlhdCI6MTcwNDM4OTMzMywiZXhwIjoxNzA0NDc1NzMzfQ.gkAw5J6PSc8t3bntObgw2AvvUFvYrdiIRw7nbZAYYbU
[2024-01-04T17:28:53.307Z]: 토큰----------
[2024-01-04T17:28:53.308Z]: temp@temp.com
[2024-01-05T10:11:37.213Z]: email : temp@temp.com
[2024-01-05T10:11:37.216Z]: email이 있습니다1
[2024-01-05T10:11:37.294Z]: 로그인 성공
[2024-01-05T10:11:37.294Z]: --------------------------------------
[2024-01-05T10:11:37.295Z]: {"cookie":{"originalMaxAge":86400000,"expires":"2024-01-06T10:11:37.210Z","secure":false,"httpOnly":true,"path":"/"},"user":{"id":1,"email":"temp@temp.com"}}
[2024-01-05T10:11:37.295Z]: "HV_OxErHpJb79Nna8Rf7JfDM6bwn-kq_"
[2024-01-05T10:11:37.295Z]: --------------------------------------
[2024-01-05T10:11:37.295Z]: [object Object]
[2024-01-05T10:11:37.350Z]: 토큰----------
[2024-01-05T10:11:37.350Z]: eyJhbGciOiJIUzI1NiIsInR5cCI6IkpXVCJ9.eyJ1c2VySWQiOjEsImVtYWlsIjoidGVtcEB0ZW1wLmNvbSIsImlhdCI6MTcwNDQ0OTQ5NywiZXhwIjoxNzA0NTM1ODk3fQ.BCgzcjqImJsBTE-uukdzqXRgiNyaDDdHWpedRksvO28
[2024-01-05T10:11:37.350Z]: 토큰----------
[2024-01-05T10:11:37.350Z]: temp@temp.com
[2024-01-05T10:48:21.501Z]: email : temp@temp.com
[2024-01-05T10:48:21.512Z]: email이 있습니다1
[2024-01-05T10:48:21.592Z]: 로그인 성공
[2024-01-05T10:48:21.592Z]: --------------------------------------
[2024-01-05T10:48:21.593Z]: {"cookie":{"originalMaxAge":86400000,"expires":"2024-01-06T10:48:21.501Z","secure":false,"httpOnly":true,"path":"/"},"user":{"id":1,"email":"temp@temp.com"}}
[2024-01-05T10:48:21.593Z]: "m59ckTzSfsYWYHUOtiGQH83aIhcpKhJw"
[2024-01-05T10:48:21.593Z]: --------------------------------------
[2024-01-05T10:48:21.594Z]: [object Object]
[2024-01-05T10:48:21.644Z]: 토큰----------
[2024-01-05T10:48:21.644Z]: eyJhbGciOiJIUzI1NiIsInR5cCI6IkpXVCJ9.eyJ1c2VySWQiOjEsImVtYWlsIjoidGVtcEB0ZW1wLmNvbSIsImlhdCI6MTcwNDQ1MTcwMSwiZXhwIjoxNzA0NTM4MTAxfQ.xWFAVT1ug6aQkZhEjaj85KvCLjhgP-spkAc8vgZk-2Q
[2024-01-05T10:48:21.644Z]: 토큰----------
[2024-01-05T10:48:21.645Z]: temp@temp.com
[2024-01-05T10:53:49.377Z]: email : temp@temp.com
[2024-01-05T10:53:49.382Z]: email이 있습니다1
[2024-01-05T10:53:49.463Z]: 로그인 성공
[2024-01-05T10:53:49.463Z]: --------------------------------------
[2024-01-05T10:53:49.463Z]: {"cookie":{"originalMaxAge":86399998,"expires":"2024-01-06T10:53:49.375Z","secure":false,"httpOnly":true,"path":"/"},"user":{"id":1,"email":"temp@temp.com"}}
[2024-01-05T10:53:49.464Z]: "kDKV9TcBZ7iooXeFfPPU5tQCCv4gK4ge"
[2024-01-05T10:53:49.464Z]: --------------------------------------
[2024-01-05T10:53:49.464Z]: [object Object]
[2024-01-05T10:53:49.512Z]: 토큰----------
[2024-01-05T10:53:49.512Z]: eyJhbGciOiJIUzI1NiIsInR5cCI6IkpXVCJ9.eyJ1c2VySWQiOjEsImVtYWlsIjoidGVtcEB0ZW1wLmNvbSIsImlhdCI6MTcwNDQ1MjAyOSwiZXhwIjoxNzA0NTM4NDI5fQ.O1HW1Kq5DbL5kPgttWrJy6tDTa-IBpVbjnuz4rDfqgY
[2024-01-05T10:53:49.512Z]: 토큰----------
[2024-01-05T10:53:49.512Z]: temp@temp.com
[2024-01-05T11:51:00.379Z]: email : temp@temp.com
[2024-01-05T11:51:00.385Z]: email이 있습니다1
[2024-01-05T11:51:00.455Z]: 로그인 성공
[2024-01-05T11:51:00.455Z]: --------------------------------------
[2024-01-05T11:51:00.456Z]: {"cookie":{"originalMaxAge":86400000,"expires":"2024-01-06T11:51:00.379Z","secure":false,"httpOnly":true,"path":"/"},"user":{"id":1,"email":"temp@temp.com"}}
[2024-01-05T11:51:00.456Z]: "eQSkQrirUIFC1MN3GnR6lTNpoVtev0ZB"
[2024-01-05T11:51:00.456Z]: --------------------------------------
[2024-01-05T11:51:00.457Z]: [object Object]
[2024-01-05T11:51:00.505Z]: 토큰----------
[2024-01-05T11:51:00.505Z]: eyJhbGciOiJIUzI1NiIsInR5cCI6IkpXVCJ9.eyJ1c2VySWQiOjEsImVtYWlsIjoidGVtcEB0ZW1wLmNvbSIsImlhdCI6MTcwNDQ1NTQ2MCwiZXhwIjoxNzA0NTQxODYwfQ.f6TX6q1Aw-nGudP-ihiCzJgrFVnZjU4jR9TfLd7atlU
[2024-01-05T11:51:00.505Z]: 토큰----------
[2024-01-05T11:51:00.505Z]: temp@temp.com
[2024-01-05T12:26:06.030Z]: email : temp@temp.com
[2024-01-05T12:26:06.032Z]: email이 있습니다1
[2024-01-05T12:26:06.099Z]: 로그인 성공
[2024-01-05T12:26:06.099Z]: --------------------------------------
[2024-01-05T12:26:06.099Z]: {"cookie":{"originalMaxAge":86400000,"expires":"2024-01-06T12:26:06.030Z","secure":false,"httpOnly":true,"path":"/"},"user":{"id":1,"email":"temp@temp.com"}}
[2024-01-05T12:26:06.099Z]: "8EcGgO-yaGmMsvbGbdhCSUgue-1sM8DA"
[2024-01-05T12:26:06.099Z]: --------------------------------------
[2024-01-05T12:26:06.100Z]: [object Object]
[2024-01-05T12:26:06.173Z]: 토큰----------
[2024-01-05T12:26:06.173Z]: eyJhbGciOiJIUzI1NiIsInR5cCI6IkpXVCJ9.eyJ1c2VySWQiOjEsImVtYWlsIjoidGVtcEB0ZW1wLmNvbSIsImlhdCI6MTcwNDQ1NzU2NiwiZXhwIjoxNzA0NTQzOTY2fQ.BZZRvsPnwGoCFoydDlySv5Ab3XaiUyX3CtNECMXMCSk
[2024-01-05T12:26:06.173Z]: 토큰----------
[2024-01-05T12:26:06.173Z]: temp@temp.com
[2024-01-05T12:26:52.379Z]: email : temp@temp.com
[2024-01-05T12:26:52.381Z]: email이 있습니다1
[2024-01-05T12:26:52.451Z]: 로그인 성공
[2024-01-05T12:26:52.451Z]: --------------------------------------
[2024-01-05T12:26:52.451Z]: {"cookie":{"originalMaxAge":86400000,"expires":"2024-01-06T12:26:52.379Z","secure":false,"httpOnly":true,"path":"/"},"user":{"id":1,"email":"temp@temp.com"}}
[2024-01-05T12:26:52.452Z]: "Xiafh6CJ7HpILIBV3V8W5L64-4xk60Iy"
[2024-01-05T12:26:52.452Z]: --------------------------------------
[2024-01-05T12:26:52.452Z]: [object Object]
[2024-01-05T12:26:52.495Z]: 토큰----------
[2024-01-05T12:26:52.495Z]: eyJhbGciOiJIUzI1NiIsInR5cCI6IkpXVCJ9.eyJ1c2VySWQiOjEsImVtYWlsIjoidGVtcEB0ZW1wLmNvbSIsImlhdCI6MTcwNDQ1NzYxMiwiZXhwIjoxNzA0NTQ0MDEyfQ.bVoX-wX25SI_wHjDafRHPr3GZIsi0yOE0UN61zTiFf8
[2024-01-05T12:26:52.496Z]: 토큰----------
[2024-01-05T12:26:52.496Z]: temp@temp.com
[2024-01-05T13:05:17.460Z]: email : temp@temp.com
[2024-01-05T13:05:17.464Z]: email이 있습니다1
[2024-01-05T13:05:17.530Z]: 로그인 성공
[2024-01-05T13:05:17.530Z]: --------------------------------------
[2024-01-05T13:05:17.530Z]: {"cookie":{"originalMaxAge":86400000,"expires":"2024-01-06T13:05:17.460Z","secure":false,"httpOnly":true,"path":"/"},"user":{"id":1,"email":"temp@temp.com"}}
[2024-01-05T13:05:17.531Z]: "sAznZuqC36XZbfjG5uj24xtfAwutDx1p"
[2024-01-05T13:05:17.531Z]: --------------------------------------
[2024-01-05T13:05:17.531Z]: [object Object]
[2024-01-05T13:05:17.592Z]: 토큰----------
[2024-01-05T13:05:17.592Z]: eyJhbGciOiJIUzI1NiIsInR5cCI6IkpXVCJ9.eyJ1c2VySWQiOjEsImVtYWlsIjoidGVtcEB0ZW1wLmNvbSIsImlhdCI6MTcwNDQ1OTkxNywiZXhwIjoxNzA0NTQ2MzE3fQ.BRgxslpUCtla06DhoKjXrUcmlkvmF7RNrwKZNMqPIr8
[2024-01-05T13:05:17.592Z]: 토큰----------
[2024-01-05T13:05:17.593Z]: temp@temp.com
[2024-01-05T13:12:20.613Z]: email : temp@temp.com
[2024-01-05T13:12:20.617Z]: email이 있습니다1
[2024-01-05T13:12:20.692Z]: 로그인 성공
[2024-01-05T13:12:20.692Z]: --------------------------------------
[2024-01-05T13:12:20.693Z]: {"cookie":{"originalMaxAge":86400000,"expires":"2024-01-06T13:12:20.612Z","secure":false,"httpOnly":true,"path":"/"},"user":{"id":1,"email":"temp@temp.com"}}
[2024-01-05T13:12:20.693Z]: "qVEbe91svpk1Pp-91lpIRtrwmr7-g9lu"
[2024-01-05T13:12:20.693Z]: --------------------------------------
[2024-01-05T13:12:20.693Z]: [object Object]
[2024-01-05T13:12:20.788Z]: 토큰----------
[2024-01-05T13:12:20.788Z]: eyJhbGciOiJIUzI1NiIsInR5cCI6IkpXVCJ9.eyJ1c2VySWQiOjEsImVtYWlsIjoidGVtcEB0ZW1wLmNvbSIsImlhdCI6MTcwNDQ2MDM0MCwiZXhwIjoxNzA0NTQ2NzQwfQ.5gaw0QNWAuNv-kmZWYVxQKU75vyXhJqiq9dnoiu4RCo
[2024-01-05T13:12:20.788Z]: 토큰----------
[2024-01-05T13:12:20.789Z]: temp@temp.com
[2024-01-05T13:24:15.435Z]: email : temp@temp.com
[2024-01-05T13:24:15.440Z]: email이 있습니다1
[2024-01-05T13:24:15.517Z]: 로그인 성공
[2024-01-05T13:24:15.517Z]: --------------------------------------
[2024-01-05T13:24:15.518Z]: {"cookie":{"originalMaxAge":86400000,"expires":"2024-01-06T13:24:15.435Z","secure":false,"httpOnly":true,"path":"/"},"user":{"id":1,"email":"temp@temp.com"}}
[2024-01-05T13:24:15.518Z]: "cLtAzMR6SQ__CPq7TzwpbTcmgQYa6KWR"
[2024-01-05T13:24:15.518Z]: --------------------------------------
[2024-01-05T13:24:15.518Z]: [object Object]
[2024-01-05T13:24:15.564Z]: 토큰----------
[2024-01-05T13:24:15.565Z]: eyJhbGciOiJIUzI1NiIsInR5cCI6IkpXVCJ9.eyJ1c2VySWQiOjEsImVtYWlsIjoidGVtcEB0ZW1wLmNvbSIsImlhdCI6MTcwNDQ2MTA1NSwiZXhwIjoxNzA0NTQ3NDU1fQ.-kPjyltCEoGrkk3TMctkBWQcKdauU-OcqCMeq8Xtpok
[2024-01-05T13:24:15.565Z]: 토큰----------
[2024-01-05T13:24:15.565Z]: temp@temp.com
