[2024-01-05T16:29:00.334Z]: email : temp@temp.com
[2024-01-05T16:29:00.369Z]: email이 있습니다1
[2024-01-05T16:29:00.430Z]: 로그인 성공
[2024-01-05T16:29:00.431Z]: [object Object]
[2024-01-05T16:29:00.485Z]: 토큰----------
[2024-01-05T16:29:00.485Z]: eyJhbGciOiJIUzI1NiIsInR5cCI6IkpXVCJ9.eyJ1c2VySWQiOjEsImVtYWlsIjoidGVtcEB0ZW1wLmNvbSIsImlhdCI6MTcwNDQ3MjE0MCwiZXhwIjoxNzA0NTU4NTQwfQ.Dhr1mcfK3D6tLaeYS-bTUFWXYkCZd5HcHdV4ZDbjx3A
[2024-01-05T16:29:00.485Z]: 토큰----------
[2024-01-05T16:29:00.486Z]: temp@temp.com
[2024-01-05T17:00:06.416Z]: email : temp@temp.com
[2024-01-05T17:00:06.443Z]: email이 있습니다1
[2024-01-05T17:00:06.504Z]: 로그인 성공
[2024-01-05T17:00:06.505Z]: [object Object]
[2024-01-05T17:00:06.558Z]: 토큰----------
[2024-01-05T17:00:06.558Z]: eyJhbGciOiJIUzI1NiIsInR5cCI6IkpXVCJ9.eyJ1c2VySWQiOjEsImVtYWlsIjoidGVtcEB0ZW1wLmNvbSIsImlhdCI6MTcwNDQ3NDAwNiwiZXhwIjoxNzA0NTYwNDA2fQ.Fp71Hcu-sdS4XXW6riF1E4ZAfhXxgSlNzXNolzgbamQ
[2024-01-05T17:00:06.558Z]: 토큰----------
[2024-01-05T17:00:06.559Z]: temp@temp.com
[2024-01-05T19:46:36.127Z]: email : temp@temp.com
[2024-01-05T19:46:36.259Z]: email이 있습니다1
[2024-01-05T19:46:36.360Z]: 로그인 성공
[2024-01-05T19:46:36.362Z]: [object Object]
[2024-01-05T19:46:36.430Z]: 토큰----------
[2024-01-05T19:46:36.430Z]: eyJhbGciOiJIUzI1NiIsInR5cCI6IkpXVCJ9.eyJ1c2VySWQiOjEsImVtYWlsIjoidGVtcEB0ZW1wLmNvbSIsImlhdCI6MTcwNDQ4Mzk5NiwiZXhwIjoxNzA0NTcwMzk2fQ.3gwhhtb7Jbg7POTPqNNtAh1lMtoM_3PInAmTUCgVVS8
[2024-01-05T19:46:36.430Z]: 토큰----------
[2024-01-05T19:46:36.431Z]: temp@temp.com
[2024-01-05T19:56:05.297Z]: [object Object]
[2024-01-05T20:07:21.672Z]: [object Object]
[2024-01-05T20:29:06.594Z]: [object Object]
[2024-01-05T20:33:33.696Z]: email : temp@temp.com
[2024-01-05T20:33:33.713Z]: email이 있습니다1
[2024-01-05T20:33:33.798Z]: 로그인 성공
[2024-01-05T20:33:33.798Z]: [object Object]
[2024-01-05T20:33:33.855Z]: 토큰----------
[2024-01-05T20:33:33.855Z]: eyJhbGciOiJIUzI1NiIsInR5cCI6IkpXVCJ9.eyJ1c2VySWQiOjEsImVtYWlsIjoidGVtcEB0ZW1wLmNvbSIsImlhdCI6MTcwNDQ4NjgxMywiZXhwIjoxNzA0NTczMjEzfQ.7RcZn_6eClaTkvDUc7i-IydQ-HdOJXNwnnMOhhLJ__Y
[2024-01-05T20:33:33.856Z]: 토큰----------
[2024-01-05T20:33:33.856Z]: temp@temp.com
[2024-01-05T20:34:03.588Z]: [object Object]
[2024-01-05T20:34:03.629Z]: [object Object]
[2024-01-05T20:34:03.643Z]: 이미지 업로드 서ㅇ공
[2024-01-05T20:59:45.973Z]: email : temp@temp.com
[2024-01-05T20:59:45.979Z]: email이 있습니다1
[2024-01-05T20:59:46.069Z]: 로그인 성공
[2024-01-05T20:59:46.069Z]: [object Object]
[2024-01-05T20:59:46.116Z]: 토큰----------
[2024-01-05T20:59:46.116Z]: eyJhbGciOiJIUzI1NiIsInR5cCI6IkpXVCJ9.eyJ1c2VySWQiOjEsImVtYWlsIjoidGVtcEB0ZW1wLmNvbSIsImlhdCI6MTcwNDQ4ODM4NiwiZXhwIjoxNzA0NTc0Nzg2fQ.MUICI2iVK-1rhXPtUBXV4R_3A_L1KgFByK8f-RLMBhI
[2024-01-05T20:59:46.116Z]: 토큰----------
[2024-01-05T20:59:46.117Z]: temp@temp.com
[2024-01-05T20:59:59.908Z]: [object Object]
[2024-01-05T20:59:59.947Z]: [object Object]
[2024-01-05T20:59:59.970Z]: 이미지 업로드 서ㅇ공
[2024-01-05T21:27:07.637Z]: [object Object]
[2024-01-05T21:27:07.661Z]: [object Object]
[2024-01-05T22:47:07.672Z]: [object Object]
[2024-01-05T22:47:07.687Z]: [object Object]
[2024-01-05T22:47:37.853Z]: [object Object]
[2024-01-05T22:47:37.871Z]: [object Object]
[2024-01-05T22:47:37.878Z]: temp@temp.com
[2024-01-05T22:48:00.924Z]: [object Object]
[2024-01-05T22:48:00.955Z]: [object Object]
[2024-01-05T22:48:00.964Z]: temp@temp.com
[2024-01-05T23:15:25.584Z]: [object Object]
[2024-01-05T23:15:25.603Z]: temp@temp.com
[2024-01-05T23:15:25.608Z]: [object Object]
[2024-01-05T23:15:25.616Z]: 이미지 업로드 서ㅇ공
[2024-01-06T07:09:04.957Z]: [object Object]
[2024-01-06T07:10:48.131Z]: [object Object]
[2024-01-06T07:10:48.146Z]: [object Object]
[2024-01-06T08:52:26.606Z]: [object Object]
[2024-01-06T08:56:26.218Z]: [object Object]
[2024-01-06T09:03:52.227Z]: [object Object]
[2024-01-06T09:10:45.691Z]: [object Object]
[2024-01-06T09:11:13.752Z]: [object Object]
[2024-01-06T09:11:30.557Z]: [object Object]
[2024-01-06T09:11:30.595Z]: Error: ER_BAD_FIELD_ERROR: Unknown column 'user_id' in 'where clause'
[2024-01-06T09:25:48.679Z]: [object Object]
[2024-01-06T09:25:48.754Z]: UPDATE babies SET image_filename = ? WHERE baby_id = ?
[2024-01-06T09:30:30.783Z]: [object Object]
[2024-01-06T09:30:30.806Z]: UPDATE babies SET image_filename = ? WHERE baby_id = ?
[2024-01-06T09:31:49.567Z]: [object Object]
[2024-01-06T09:31:49.603Z]: UPDATE babies SET image_filename = ? WHERE baby_id = ?
[2024-01-06T11:48:27.300Z]: email : temp@temp.com
[2024-01-06T11:48:27.345Z]: email이 있습니다1
[2024-01-06T11:48:27.407Z]: 로그인 성공
[2024-01-06T11:48:27.409Z]: [object Object]
[2024-01-06T11:48:27.472Z]: temp@temp.com
[2024-01-06T11:48:35.278Z]: [object Object]
[2024-01-06T11:48:35.316Z]: UPDATE babies SET image_filename = ? WHERE baby_id = ?
[2024-01-06T11:49:11.333Z]: email : temp@temp.com
[2024-01-06T11:49:11.335Z]: email이 있습니다1
[2024-01-06T11:49:11.427Z]: 로그인 성공
[2024-01-06T11:49:11.427Z]: [object Object]
[2024-01-06T11:49:11.482Z]: temp@temp.com
[2024-01-06T11:49:16.400Z]: Error: ER_BAD_NULL_ERROR: Column 'birthdate' cannot be null
[2024-01-06T11:50:23.616Z]: email : temp@temp.com
[2024-01-06T11:50:23.619Z]: email이 있습니다1
[2024-01-06T11:50:23.702Z]: 로그인 성공
[2024-01-06T11:50:23.703Z]: [object Object]
[2024-01-06T11:50:23.753Z]: temp@temp.com
[2024-01-06T11:50:28.171Z]: Error: ER_BAD_NULL_ERROR: Column 'birthdate' cannot be null
[2024-01-06T11:51:52.511Z]: [object Object]
[2024-01-06T11:51:52.530Z]: UPDATE babies SET image_filename = ? WHERE baby_id = ?
[2024-01-06T11:51:54.224Z]: temp@temp.com
